2026-05-06 00:55:10,837 - Starting Model A training...
2026-05-06 00:55:11,126 - Loaded training data. Binary shape: (236944, 6), Reg shape: (169615, 6)
2026-05-06 00:55:11,126 - Training XGBClassifier with max_depth=10, n_estimators=500, learning_rate=0.05...
2026-05-06 00:55:15,687 - Saved model_a_health_classifier.json
2026-05-06 00:55:15,688 - Training XGBRegressor with max_depth=10, n_estimators=500, learning_rate=0.05...
2026-05-06 00:55:19,988 - Saved model_a_stress_regressor.json
2026-05-06 00:55:19,988 - Training completed.
2026-05-06 00:56:37,545 - Starting Model A training...
2026-05-06 00:56:38,133 - Loaded training data. Binary shape: (236944, 12), Reg shape: (169615, 12)
2026-05-06 00:56:38,133 - Training XGBClassifier with max_depth=10, n_estimators=500, learning_rate=0.05...
2026-05-06 00:56:45,222 - Saved model_a_health_classifier.json
2026-05-06 00:56:45,222 - Training XGBRegressor with max_depth=10, n_estimators=500, learning_rate=0.05...
2026-05-06 00:56:55,463 - Saved model_a_stress_regressor.json
2026-05-06 00:56:55,465 - Training completed.
2026-05-06 00:58:07,224 - Starting Model A training...
2026-05-06 00:58:07,482 - Loaded training data. Binary shape: (185842, 6), Reg shape: (169615, 6)
2026-05-06 00:58:07,482 - Training XGBClassifier with max_depth=10, n_estimators=500, learning_rate=0.05...
2026-05-06 00:58:10,484 - Saved model_a_health_classifier.json
2026-05-06 00:58:10,484 - Training XGBRegressor with max_depth=10, n_estimators=500, learning_rate=0.05...
2026-05-06 00:58:16,522 - Saved model_a_stress_regressor.json
2026-05-06 00:58:16,523 - Training completed.
